<?xml version="1.0" encoding="UTF-8"?>
<!-- Generated by org.testng.reporters.JUnitReportReporter -->
<testsuite hostname="SUCHIKANT" failures="0" tests="1" name="Sample.Demotest" time="0.012" errors="0" timestamp="2023-08-30T23:02:24 IST" skipped="0">
  <testcase classname="Sample.Demotest" name="m1" time="0.012"/>
</testsuite> <!-- Sample.Demotest -->
