<?xml version="1.0" encoding="UTF-8"?>
<!-- Generated by org.testng.reporters.JUnitReportReporter -->
<testsuite hostname="SUCHIKANT" failures="0" tests="1" name="Sample.Demo1Test" time="0.011" errors="0" timestamp="2023-08-30T22:54:43 IST" skipped="0">
  <testcase classname="Sample.Demo1Test" name="m1" time="0.011"/>
</testsuite> <!-- Sample.Demo1Test -->
